The system is: Darwin - 20.4.0 - x86_64
Compiling the C compiler identification source file "CMakeCCompilerId.c" succeeded.
Compiler: /Library/Developer/CommandLineTools/usr/bin/cc 
Build flags: 
Id flags: -c 

The output was:
0


Compilation of the C compiler identification source "CMakeCCompilerId.c" produced "CMakeCCompilerId.o"

The C compiler identification is AppleClang, found in "/Users/linsanity/Documents/Github/High-LevelPuzzle/cmake-build-debug/CMakeFiles/3.17.3/CompilerIdC/CMakeCCompilerId.o"

Compiling the CXX compiler identification source file "CMakeCXXCompilerId.cpp" succeeded.
Compiler: /Library/Developer/CommandLineTools/usr/bin/c++ 
Build flags: 
Id flags: -c 

The output was:
0


Compilation of the CXX compiler identification source "CMakeCXXCompilerId.cpp" produced "CMakeCXXCompilerId.o"

The CXX compiler identification is AppleClang, found in "/Users/linsanity/Documents/Github/High-LevelPuzzle/cmake-build-debug/CMakeFiles/3.17.3/CompilerIdCXX/CMakeCXXCompilerId.o"

Determining if the C compiler works passed with the following output:
Change Dir: /Users/linsanity/Documents/Github/High-LevelPuzzle/cmake-build-debug/CMakeFiles/CMakeTmp

Run Build Command(s):/usr/bin/make cmTC_b4106/fast && /Library/Developer/CommandLineTools/usr/bin/make  -f CMakeFiles/cmTC_b4106.dir/build.make CMakeFiles/cmTC_b4106.dir/build
Building C object CMakeFiles/cmTC_b4106.dir/testCCompiler.c.o
/Library/Developer/CommandLineTools/usr/bin/cc   -isysroot /Library/Developer/CommandLineTools/SDKs/MacOSX11.3.sdk   -o CMakeFiles/cmTC_b4106.dir/testCCompiler.c.o   -c /Users/linsanity/Documents/Github/High-LevelPuzzle/cmake-build-debug/CMakeFiles/CMakeTmp/testCCompiler.c
Linking C executable cmTC_b4106
/Applications/CLion.app/Contents/bin/cmake/mac/bin/cmake -E cmake_link_script CMakeFiles/cmTC_b4106.dir/link.txt --verbose=1
/Library/Developer/CommandLineTools/usr/bin/cc   -isysroot /Library/Developer/CommandLineTools/SDKs/MacOSX11.3.sdk -Wl,-search_paths_first -Wl,-headerpad_max_install_names   CMakeFiles/cmTC_b4106.dir/testCCompiler.c.o  -o cmTC_b4106 



Detecting C compiler ABI info compiled with the following output:
Change Dir: /Users/linsanity/Documents/Github/High-LevelPuzzle/cmake-build-debug/CMakeFiles/CMakeTmp

Run Build Command(s):/usr/bin/make cmTC_2318d/fast && /Library/Developer/CommandLineTools/usr/bin/make  -f CMakeFiles/cmTC_2318d.dir/build.make CMakeFiles/cmTC_2318d.dir/build
Building C object CMakeFiles/cmTC_2318d.dir/CMakeCCompilerABI.c.o
/Library/Developer/CommandLineTools/usr/bin/cc   -isysroot /Library/Developer/CommandLineTools/SDKs/MacOSX11.3.sdk   -v -Wl,-v -o CMakeFiles/cmTC_2318d.dir/CMakeCCompilerABI.c.o   -c /Applications/CLion.app/Contents/bin/cmake/mac/share/cmake-3.17/Modules/CMakeCCompilerABI.c
Apple clang version 12.0.5 (clang-1205.0.22.9)
Target: x86_64-apple-darwin20.4.0
Thread model: posix
InstalledDir: /Library/Developer/CommandLineTools/usr/bin
clang: warning: -Wl,-v: 'linker' input unused [-Wunused-command-line-argument]
 "/Library/Developer/CommandLineTools/usr/bin/clang" -cc1 -triple x86_64-apple-macosx11.0.0 -Wdeprecated-objc-isa-usage -Werror=deprecated-objc-isa-usage -Werror=implicit-function-declaration -emit-obj -mrelax-all -disable-free -disable-llvm-verifier -discard-value-names -main-file-name CMakeCCompilerABI.c -mrelocation-model pic -pic-level 2 -mframe-pointer=all -fno-strict-return -fno-rounding-math -munwind-tables -target-sdk-version=11.3 -fvisibility-inlines-hidden-static-local-var -target-cpu penryn -debugger-tuning=lldb -target-linker-version 650.9 -v -resource-dir /Library/Developer/CommandLineTools/usr/lib/clang/12.0.5 -isysroot /Library/Developer/CommandLineTools/SDKs/MacOSX11.3.sdk -internal-isystem /Library/Developer/CommandLineTools/SDKs/MacOSX11.3.sdk/usr/local/include -internal-isystem /Library/Developer/CommandLineTools/usr/lib/clang/12.0.5/include -internal-externc-isystem /Library/Developer/CommandLineTools/SDKs/MacOSX11.3.sdk/usr/include -internal-externc-isystem /Library/Developer/CommandLineTools/usr/include -Wno-reorder-init-list -Wno-implicit-int-float-conversion -Wno-c99-designator -Wno-final-dtor-non-final-class -Wno-extra-semi-stmt -Wno-misleading-indentation -Wno-quoted-include-in-framework-header -Wno-implicit-fallthrough -Wno-enum-enum-conversion -Wno-enum-float-conversion -Wno-elaborated-enum-base -fdebug-compilation-dir /Users/linsanity/Documents/Github/High-LevelPuzzle/cmake-build-debug/CMakeFiles/CMakeTmp -ferror-limit 19 -stack-protector 1 -fstack-check -mdarwin-stkchk-strong-link -fblocks -fencode-extended-block-signature -fregister-global-dtors-with-atexit -fgnuc-version=4.2.1 -fmax-type-align=16 -fcommon -clang-vendor-feature=+disableNonDependentMemberExprInCurrentInstantiation -fno-odr-hash-protocols -mllvm -disable-aligned-alloc-awareness=1 -o CMakeFiles/cmTC_2318d.dir/CMakeCCompilerABI.c.o -x c /Applications/CLion.app/Contents/bin/cmake/mac/share/cmake-3.17/Modules/CMakeCCompilerABI.c
clang -cc1 version 12.0.5 (clang-1205.0.22.9) default target x86_64-apple-darwin20.4.0
ignoring nonexistent directory "/Library/Developer/CommandLineTools/SDKs/MacOSX11.3.sdk/usr/local/include"
ignoring nonexistent directory "/Library/Developer/CommandLineTools/SDKs/MacOSX11.3.sdk/Library/Frameworks"
#include "..." search starts here:
#include <...> search starts here:
 /Library/Developer/CommandLineTools/usr/lib/clang/12.0.5/include
 /Library/Developer/CommandLineTools/SDKs/MacOSX11.3.sdk/usr/include
 /Library/Developer/CommandLineTools/usr/include
 /Library/Developer/CommandLineTools/SDKs/MacOSX11.3.sdk/System/Library/Frameworks (framework directory)
End of search list.
Linking C executable cmTC_2318d
/Applications/CLion.app/Contents/bin/cmake/mac/bin/cmake -E cmake_link_script CMakeFiles/cmTC_2318d.dir/link.txt --verbose=1
/Library/Developer/CommandLineTools/usr/bin/cc   -isysroot /Library/Developer/CommandLineTools/SDKs/MacOSX11.3.sdk -Wl,-search_paths_first -Wl,-headerpad_max_install_names  -v -Wl,-v CMakeFiles/cmTC_2318d.dir/CMakeCCompilerABI.c.o  -o cmTC_2318d 
Apple clang version 12.0.5 (clang-1205.0.22.9)
Target: x86_64-apple-darwin20.4.0
Thread model: posix
InstalledDir: /Library/Developer/CommandLineTools/usr/bin
 "/Library/Developer/CommandLineTools/usr/bin/ld" -demangle -lto_library /Library/Developer/CommandLineTools/usr/lib/libLTO.dylib -dynamic -arch x86_64 -platform_version macos 11.0.0 11.3 -syslibroot /Library/Developer/CommandLineTools/SDKs/MacOSX11.3.sdk -o cmTC_2318d -search_paths_first -headerpad_max_install_names -v CMakeFiles/cmTC_2318d.dir/CMakeCCompilerABI.c.o -lSystem /Library/Developer/CommandLineTools/usr/lib/clang/12.0.5/lib/darwin/libclang_rt.osx.a
@(#)PROGRAM:ld  PROJECT:ld64-650.9
BUILD 00:19:30 Mar 17 2021
configured to support archs: armv6 armv7 armv7s arm64 arm64e arm64_32 i386 x86_64 x86_64h armv6m armv7k armv7m armv7em
Library search paths:
	/Library/Developer/CommandLineTools/SDKs/MacOSX11.3.sdk/usr/lib
Framework search paths:
	/Library/Developer/CommandLineTools/SDKs/MacOSX11.3.sdk/System/Library/Frameworks/



Parsed C implicit include dir info from above output: rv=done
  found start of include info
  found start of implicit include info
    add: [/Library/Developer/CommandLineTools/usr/lib/clang/12.0.5/include]
    add: [/Library/Developer/CommandLineTools/SDKs/MacOSX11.3.sdk/usr/include]
    add: [/Library/Developer/CommandLineTools/usr/include]
  end of search list found
  collapse include dir [/Library/Developer/CommandLineTools/usr/lib/clang/12.0.5/include] ==> [/Library/Developer/CommandLineTools/usr/lib/clang/12.0.5/include]
  collapse include dir [/Library/Developer/CommandLineTools/SDKs/MacOSX11.3.sdk/usr/include] ==> [/Library/Developer/CommandLineTools/SDKs/MacOSX11.3.sdk/usr/include]
  collapse include dir [/Library/Developer/CommandLineTools/usr/include] ==> [/Library/Developer/CommandLineTools/usr/include]
  implicit include dirs: [/Library/Developer/CommandLineTools/usr/lib/clang/12.0.5/include;/Library/Developer/CommandLineTools/SDKs/MacOSX11.3.sdk/usr/include;/Library/Developer/CommandLineTools/usr/include]


Parsed C implicit link information from above output:
  link line regex: [^( *|.*[/\])(ld|CMAKE_LINK_STARTFILE-NOTFOUND|([^/\]+-)?ld|collect2)[^/\]*( |$)]
  ignore line: [Change Dir: /Users/linsanity/Documents/Github/High-LevelPuzzle/cmake-build-debug/CMakeFiles/CMakeTmp]
  ignore line: []
  ignore line: [Run Build Command(s):/usr/bin/make cmTC_2318d/fast && /Library/Developer/CommandLineTools/usr/bin/make  -f CMakeFiles/cmTC_2318d.dir/build.make CMakeFiles/cmTC_2318d.dir/build]
  ignore line: [Building C object CMakeFiles/cmTC_2318d.dir/CMakeCCompilerABI.c.o]
  ignore line: [/Library/Developer/CommandLineTools/usr/bin/cc   -isysroot /Library/Developer/CommandLineTools/SDKs/MacOSX11.3.sdk   -v -Wl -v -o CMakeFiles/cmTC_2318d.dir/CMakeCCompilerABI.c.o   -c /Applications/CLion.app/Contents/bin/cmake/mac/share/cmake-3.17/Modules/CMakeCCompilerABI.c]
  ignore line: [Apple clang version 12.0.5 (clang-1205.0.22.9)]
  ignore line: [Target: x86_64-apple-darwin20.4.0]
  ignore line: [Thread model: posix]
  ignore line: [InstalledDir: /Library/Developer/CommandLineTools/usr/bin]
  ignore line: [clang: warning: -Wl -v: 'linker' input unused [-Wunused-command-line-argument]]
  ignore line: [ "/Library/Developer/CommandLineTools/usr/bin/clang" -cc1 -triple x86_64-apple-macosx11.0.0 -Wdeprecated-objc-isa-usage -Werror=deprecated-objc-isa-usage -Werror=implicit-function-declaration -emit-obj -mrelax-all -disable-free -disable-llvm-verifier -discard-value-names -main-file-name CMakeCCompilerABI.c -mrelocation-model pic -pic-level 2 -mframe-pointer=all -fno-strict-return -fno-rounding-math -munwind-tables -target-sdk-version=11.3 -fvisibility-inlines-hidden-static-local-var -target-cpu penryn -debugger-tuning=lldb -target-linker-version 650.9 -v -resource-dir /Library/Developer/CommandLineTools/usr/lib/clang/12.0.5 -isysroot /Library/Developer/CommandLineTools/SDKs/MacOSX11.3.sdk -internal-isystem /Library/Developer/CommandLineTools/SDKs/MacOSX11.3.sdk/usr/local/include -internal-isystem /Library/Developer/CommandLineTools/usr/lib/clang/12.0.5/include -internal-externc-isystem /Library/Developer/CommandLineTools/SDKs/MacOSX11.3.sdk/usr/include -internal-externc-isystem /Library/Developer/CommandLineTools/usr/include -Wno-reorder-init-list -Wno-implicit-int-float-conversion -Wno-c99-designator -Wno-final-dtor-non-final-class -Wno-extra-semi-stmt -Wno-misleading-indentation -Wno-quoted-include-in-framework-header -Wno-implicit-fallthrough -Wno-enum-enum-conversion -Wno-enum-float-conversion -Wno-elaborated-enum-base -fdebug-compilation-dir /Users/linsanity/Documents/Github/High-LevelPuzzle/cmake-build-debug/CMakeFiles/CMakeTmp -ferror-limit 19 -stack-protector 1 -fstack-check -mdarwin-stkchk-strong-link -fblocks -fencode-extended-block-signature -fregister-global-dtors-with-atexit -fgnuc-version=4.2.1 -fmax-type-align=16 -fcommon -clang-vendor-feature=+disableNonDependentMemberExprInCurrentInstantiation -fno-odr-hash-protocols -mllvm -disable-aligned-alloc-awareness=1 -o CMakeFiles/cmTC_2318d.dir/CMakeCCompilerABI.c.o -x c /Applications/CLion.app/Contents/bin/cmake/mac/share/cmake-3.17/Modules/CMakeCCompilerABI.c]
  ignore line: [clang -cc1 version 12.0.5 (clang-1205.0.22.9) default target x86_64-apple-darwin20.4.0]
  ignore line: [ignoring nonexistent directory "/Library/Developer/CommandLineTools/SDKs/MacOSX11.3.sdk/usr/local/include"]
  ignore line: [ignoring nonexistent directory "/Library/Developer/CommandLineTools/SDKs/MacOSX11.3.sdk/Library/Frameworks"]
  ignore line: [#include "..." search starts here:]
  ignore line: [#include <...> search starts here:]
  ignore line: [ /Library/Developer/CommandLineTools/usr/lib/clang/12.0.5/include]
  ignore line: [ /Library/Developer/CommandLineTools/SDKs/MacOSX11.3.sdk/usr/include]
  ignore line: [ /Library/Developer/CommandLineTools/usr/include]
  ignore line: [ /Library/Developer/CommandLineTools/SDKs/MacOSX11.3.sdk/System/Library/Frameworks (framework directory)]
  ignore line: [End of search list.]
  ignore line: [Linking C executable cmTC_2318d]
  ignore line: [/Applications/CLion.app/Contents/bin/cmake/mac/bin/cmake -E cmake_link_script CMakeFiles/cmTC_2318d.dir/link.txt --verbose=1]
  ignore line: [/Library/Developer/CommandLineTools/usr/bin/cc   -isysroot /Library/Developer/CommandLineTools/SDKs/MacOSX11.3.sdk -Wl -search_paths_first -Wl -headerpad_max_install_names  -v -Wl -v CMakeFiles/cmTC_2318d.dir/CMakeCCompilerABI.c.o  -o cmTC_2318d ]
  ignore line: [Apple clang version 12.0.5 (clang-1205.0.22.9)]
  ignore line: [Target: x86_64-apple-darwin20.4.0]
  ignore line: [Thread model: posix]
  ignore line: [InstalledDir: /Library/Developer/CommandLineTools/usr/bin]
  link line: [ "/Library/Developer/CommandLineTools/usr/bin/ld" -demangle -lto_library /Library/Developer/CommandLineTools/usr/lib/libLTO.dylib -dynamic -arch x86_64 -platform_version macos 11.0.0 11.3 -syslibroot /Library/Developer/CommandLineTools/SDKs/MacOSX11.3.sdk -o cmTC_2318d -search_paths_first -headerpad_max_install_names -v CMakeFiles/cmTC_2318d.dir/CMakeCCompilerABI.c.o -lSystem /Library/Developer/CommandLineTools/usr/lib/clang/12.0.5/lib/darwin/libclang_rt.osx.a]
    arg [/Library/Developer/CommandLineTools/usr/bin/ld] ==> ignore
    arg [-demangle] ==> ignore
    arg [-lto_library] ==> ignore, skip following value
    arg [/Library/Developer/CommandLineTools/usr/lib/libLTO.dylib] ==> skip value of -lto_library
    arg [-dynamic] ==> ignore
    arg [-arch] ==> ignore
    arg [x86_64] ==> ignore
    arg [-platform_version] ==> ignore
    arg [macos] ==> ignore
    arg [11.0.0] ==> ignore
    arg [11.3] ==> ignore
    arg [-syslibroot] ==> ignore
    arg [/Library/Developer/CommandLineTools/SDKs/MacOSX11.3.sdk] ==> ignore
    arg [-o] ==> ignore
    arg [cmTC_2318d] ==> ignore
    arg [-search_paths_first] ==> ignore
    arg [-headerpad_max_install_names] ==> ignore
    arg [-v] ==> ignore
    arg [CMakeFiles/cmTC_2318d.dir/CMakeCCompilerABI.c.o] ==> ignore
    arg [-lSystem] ==> lib [System]
    arg [/Library/Developer/CommandLineTools/usr/lib/clang/12.0.5/lib/darwin/libclang_rt.osx.a] ==> lib [/Library/Developer/CommandLineTools/usr/lib/clang/12.0.5/lib/darwin/libclang_rt.osx.a]
  Library search paths: [;/Library/Developer/CommandLineTools/SDKs/MacOSX11.3.sdk/usr/lib]
  Framework search paths: [;/Library/Developer/CommandLineTools/SDKs/MacOSX11.3.sdk/System/Library/Frameworks/]
  remove lib [System]
  remove lib [/Library/Developer/CommandLineTools/usr/lib/clang/12.0.5/lib/darwin/libclang_rt.osx.a]
  collapse library dir [/Library/Developer/CommandLineTools/SDKs/MacOSX11.3.sdk/usr/lib] ==> [/Library/Developer/CommandLineTools/SDKs/MacOSX11.3.sdk/usr/lib]
  collapse framework dir [/Library/Developer/CommandLineTools/SDKs/MacOSX11.3.sdk/System/Library/Frameworks/] ==> [/Library/Developer/CommandLineTools/SDKs/MacOSX11.3.sdk/System/Library/Frameworks]
  implicit libs: []
  implicit dirs: [/Library/Developer/CommandLineTools/SDKs/MacOSX11.3.sdk/usr/lib]
  implicit fwks: [/Library/Developer/CommandLineTools/SDKs/MacOSX11.3.sdk/System/Library/Frameworks]


Determining if the CXX compiler works passed with the following output:
Change Dir: /Users/linsanity/Documents/Github/High-LevelPuzzle/cmake-build-debug/CMakeFiles/CMakeTmp

Run Build Command(s):/usr/bin/make cmTC_02f6f/fast && /Library/Developer/CommandLineTools/usr/bin/make  -f CMakeFiles/cmTC_02f6f.dir/build.make CMakeFiles/cmTC_02f6f.dir/build
Building CXX object CMakeFiles/cmTC_02f6f.dir/testCXXCompiler.cxx.o
/Library/Developer/CommandLineTools/usr/bin/c++    -isysroot /Library/Developer/CommandLineTools/SDKs/MacOSX11.3.sdk   -o CMakeFiles/cmTC_02f6f.dir/testCXXCompiler.cxx.o -c /Users/linsanity/Documents/Github/High-LevelPuzzle/cmake-build-debug/CMakeFiles/CMakeTmp/testCXXCompiler.cxx
Linking CXX executable cmTC_02f6f
/Applications/CLion.app/Contents/bin/cmake/mac/bin/cmake -E cmake_link_script CMakeFiles/cmTC_02f6f.dir/link.txt --verbose=1
/Library/Developer/CommandLineTools/usr/bin/c++    -isysroot /Library/Developer/CommandLineTools/SDKs/MacOSX11.3.sdk -Wl,-search_paths_first -Wl,-headerpad_max_install_names   CMakeFiles/cmTC_02f6f.dir/testCXXCompiler.cxx.o  -o cmTC_02f6f 



Detecting CXX compiler ABI info compiled with the following output:
Change Dir: /Users/linsanity/Documents/Github/High-LevelPuzzle/cmake-build-debug/CMakeFiles/CMakeTmp

Run Build Command(s):/usr/bin/make cmTC_82245/fast && /Library/Developer/CommandLineTools/usr/bin/make  -f CMakeFiles/cmTC_82245.dir/build.make CMakeFiles/cmTC_82245.dir/build
Building CXX object CMakeFiles/cmTC_82245.dir/CMakeCXXCompilerABI.cpp.o
/Library/Developer/CommandLineTools/usr/bin/c++    -isysroot /Library/Developer/CommandLineTools/SDKs/MacOSX11.3.sdk   -v -Wl,-v -o CMakeFiles/cmTC_82245.dir/CMakeCXXCompilerABI.cpp.o -c /Applications/CLion.app/Contents/bin/cmake/mac/share/cmake-3.17/Modules/CMakeCXXCompilerABI.cpp
Apple clang version 12.0.5 (clang-1205.0.22.9)
Target: x86_64-apple-darwin20.4.0
Thread model: posix
InstalledDir: /Library/Developer/CommandLineTools/usr/bin
clang: warning: -Wl,-v: 'linker' input unused [-Wunused-command-line-argument]
 "/Library/Developer/CommandLineTools/usr/bin/clang" -cc1 -triple x86_64-apple-macosx11.0.0 -Wdeprecated-objc-isa-usage -Werror=deprecated-objc-isa-usage -Werror=implicit-function-declaration -emit-obj -mrelax-all -disable-free -disable-llvm-verifier -discard-value-names -main-file-name CMakeCXXCompilerABI.cpp -mrelocation-model pic -pic-level 2 -mframe-pointer=all -fno-strict-return -fno-rounding-math -munwind-tables -target-sdk-version=11.3 -fvisibility-inlines-hidden-static-local-var -target-cpu penryn -debugger-tuning=lldb -target-linker-version 650.9 -v -resource-dir /Library/Developer/CommandLineTools/usr/lib/clang/12.0.5 -isysroot /Library/Developer/CommandLineTools/SDKs/MacOSX11.3.sdk -stdlib=libc++ -internal-isystem /Library/Developer/CommandLineTools/SDKs/MacOSX11.3.sdk/usr/include/c++/v1 -internal-isystem /Library/Developer/CommandLineTools/SDKs/MacOSX11.3.sdk/usr/local/include -internal-isystem /Library/Developer/CommandLineTools/usr/lib/clang/12.0.5/include -internal-externc-isystem /Library/Developer/CommandLineTools/SDKs/MacOSX11.3.sdk/usr/include -internal-externc-isystem /Library/Developer/CommandLineTools/usr/include -Wno-reorder-init-list -Wno-implicit-int-float-conversion -Wno-c99-designator -Wno-final-dtor-non-final-class -Wno-extra-semi-stmt -Wno-misleading-indentation -Wno-quoted-include-in-framework-header -Wno-implicit-fallthrough -Wno-enum-enum-conversion -Wno-enum-float-conversion -Wno-elaborated-enum-base -fdeprecated-macro -fdebug-compilation-dir /Users/linsanity/Documents/Github/High-LevelPuzzle/cmake-build-debug/CMakeFiles/CMakeTmp -ferror-limit 19 -stack-protector 1 -fstack-check -mdarwin-stkchk-strong-link -fblocks -fencode-extended-block-signature -fregister-global-dtors-with-atexit -fgnuc-version=4.2.1 -fcxx-exceptions -fexceptions -fmax-type-align=16 -fcommon -clang-vendor-feature=+disableNonDependentMemberExprInCurrentInstantiation -fno-odr-hash-protocols -mllvm -disable-aligned-alloc-awareness=1 -o CMakeFiles/cmTC_82245.dir/CMakeCXXCompilerABI.cpp.o -x c++ /Applications/CLion.app/Contents/bin/cmake/mac/share/cmake-3.17/Modules/CMakeCXXCompilerABI.cpp
clang -cc1 version 12.0.5 (clang-1205.0.22.9) default target x86_64-apple-darwin20.4.0
ignoring nonexistent directory "/Library/Developer/CommandLineTools/SDKs/MacOSX11.3.sdk/usr/local/include"
ignoring nonexistent directory "/Library/Developer/CommandLineTools/SDKs/MacOSX11.3.sdk/Library/Frameworks"
#include "..." search starts here:
#include <...> search starts here:
 /Library/Developer/CommandLineTools/SDKs/MacOSX11.3.sdk/usr/include/c++/v1
 /Library/Developer/CommandLineTools/usr/lib/clang/12.0.5/include
 /Library/Developer/CommandLineTools/SDKs/MacOSX11.3.sdk/usr/include
 /Library/Developer/CommandLineTools/usr/include
 /Library/Developer/CommandLineTools/SDKs/MacOSX11.3.sdk/System/Library/Frameworks (framework directory)
End of search list.
Linking CXX executable cmTC_82245
/Applications/CLion.app/Contents/bin/cmake/mac/bin/cmake -E cmake_link_script CMakeFiles/cmTC_82245.dir/link.txt --verbose=1
/Library/Developer/CommandLineTools/usr/bin/c++    -isysroot /Library/Developer/CommandLineTools/SDKs/MacOSX11.3.sdk -Wl,-search_paths_first -Wl,-headerpad_max_install_names  -v -Wl,-v CMakeFiles/cmTC_82245.dir/CMakeCXXCompilerABI.cpp.o  -o cmTC_82245 
Apple clang version 12.0.5 (clang-1205.0.22.9)
Target: x86_64-apple-darwin20.4.0
Thread model: posix
InstalledDir: /Library/Developer/CommandLineTools/usr/bin
 "/Library/Developer/CommandLineTools/usr/bin/ld" -demangle -lto_library /Library/Developer/CommandLineTools/usr/lib/libLTO.dylib -dynamic -arch x86_64 -platform_version macos 11.0.0 11.3 -syslibroot /Library/Developer/CommandLineTools/SDKs/MacOSX11.3.sdk -o cmTC_82245 -search_paths_first -headerpad_max_install_names -v CMakeFiles/cmTC_82245.dir/CMakeCXXCompilerABI.cpp.o -lc++ -lSystem /Library/Developer/CommandLineTools/usr/lib/clang/12.0.5/lib/darwin/libclang_rt.osx.a
@(#)PROGRAM:ld  PROJECT:ld64-650.9
BUILD 00:19:30 Mar 17 2021
configured to support archs: armv6 armv7 armv7s arm64 arm64e arm64_32 i386 x86_64 x86_64h armv6m armv7k armv7m armv7em
Library search paths:
	/Library/Developer/CommandLineTools/SDKs/MacOSX11.3.sdk/usr/lib
Framework search paths:
	/Library/Developer/CommandLineTools/SDKs/MacOSX11.3.sdk/System/Library/Frameworks/



Parsed CXX implicit include dir info from above output: rv=done
  found start of include info
  found start of implicit include info
    add: [/Library/Developer/CommandLineTools/SDKs/MacOSX11.3.sdk/usr/include/c++/v1]
    add: [/Library/Developer/CommandLineTools/usr/lib/clang/12.0.5/include]
    add: [/Library/Developer/CommandLineTools/SDKs/MacOSX11.3.sdk/usr/include]
    add: [/Library/Developer/CommandLineTools/usr/include]
  end of search list found
  collapse include dir [/Library/Developer/CommandLineTools/SDKs/MacOSX11.3.sdk/usr/include/c++/v1] ==> [/Library/Developer/CommandLineTools/SDKs/MacOSX11.3.sdk/usr/include/c++/v1]
  collapse include dir [/Library/Developer/CommandLineTools/usr/lib/clang/12.0.5/include] ==> [/Library/Developer/CommandLineTools/usr/lib/clang/12.0.5/include]
  collapse include dir [/Library/Developer/CommandLineTools/SDKs/MacOSX11.3.sdk/usr/include] ==> [/Library/Developer/CommandLineTools/SDKs/MacOSX11.3.sdk/usr/include]
  collapse include dir [/Library/Developer/CommandLineTools/usr/include] ==> [/Library/Developer/CommandLineTools/usr/include]
  implicit include dirs: [/Library/Developer/CommandLineTools/SDKs/MacOSX11.3.sdk/usr/include/c++/v1;/Library/Developer/CommandLineTools/usr/lib/clang/12.0.5/include;/Library/Developer/CommandLineTools/SDKs/MacOSX11.3.sdk/usr/include;/Library/Developer/CommandLineTools/usr/include]


Parsed CXX implicit link information from above output:
  link line regex: [^( *|.*[/\])(ld|CMAKE_LINK_STARTFILE-NOTFOUND|([^/\]+-)?ld|collect2)[^/\]*( |$)]
  ignore line: [Change Dir: /Users/linsanity/Documents/Github/High-LevelPuzzle/cmake-build-debug/CMakeFiles/CMakeTmp]
  ignore line: []
  ignore line: [Run Build Command(s):/usr/bin/make cmTC_82245/fast && /Library/Developer/CommandLineTools/usr/bin/make  -f CMakeFiles/cmTC_82245.dir/build.make CMakeFiles/cmTC_82245.dir/build]
  ignore line: [Building CXX object CMakeFiles/cmTC_82245.dir/CMakeCXXCompilerABI.cpp.o]
  ignore line: [/Library/Developer/CommandLineTools/usr/bin/c++    -isysroot /Library/Developer/CommandLineTools/SDKs/MacOSX11.3.sdk   -v -Wl -v -o CMakeFiles/cmTC_82245.dir/CMakeCXXCompilerABI.cpp.o -c /Applications/CLion.app/Contents/bin/cmake/mac/share/cmake-3.17/Modules/CMakeCXXCompilerABI.cpp]
  ignore line: [Apple clang version 12.0.5 (clang-1205.0.22.9)]
  ignore line: [Target: x86_64-apple-darwin20.4.0]
  ignore line: [Thread model: posix]
  ignore line: [InstalledDir: /Library/Developer/CommandLineTools/usr/bin]
  ignore line: [clang: warning: -Wl -v: 'linker' input unused [-Wunused-command-line-argument]]
  ignore line: [ "/Library/Developer/CommandLineTools/usr/bin/clang" -cc1 -triple x86_64-apple-macosx11.0.0 -Wdeprecated-objc-isa-usage -Werror=deprecated-objc-isa-usage -Werror=implicit-function-declaration -emit-obj -mrelax-all -disable-free -disable-llvm-verifier -discard-value-names -main-file-name CMakeCXXCompilerABI.cpp -mrelocation-model pic -pic-level 2 -mframe-pointer=all -fno-strict-return -fno-rounding-math -munwind-tables -target-sdk-version=11.3 -fvisibility-inlines-hidden-static-local-var -target-cpu penryn -debugger-tuning=lldb -target-linker-version 650.9 -v -resource-dir /Library/Developer/CommandLineTools/usr/lib/clang/12.0.5 -isysroot /Library/Developer/CommandLineTools/SDKs/MacOSX11.3.sdk -stdlib=libc++ -internal-isystem /Library/Developer/CommandLineTools/SDKs/MacOSX11.3.sdk/usr/include/c++/v1 -internal-isystem /Library/Developer/CommandLineTools/SDKs/MacOSX11.3.sdk/usr/local/include -internal-isystem /Library/Developer/CommandLineTools/usr/lib/clang/12.0.5/include -internal-externc-isystem /Library/Developer/CommandLineTools/SDKs/MacOSX11.3.sdk/usr/include -internal-externc-isystem /Library/Developer/CommandLineTools/usr/include -Wno-reorder-init-list -Wno-implicit-int-float-conversion -Wno-c99-designator -Wno-final-dtor-non-final-class -Wno-extra-semi-stmt -Wno-misleading-indentation -Wno-quoted-include-in-framework-header -Wno-implicit-fallthrough -Wno-enum-enum-conversion -Wno-enum-float-conversion -Wno-elaborated-enum-base -fdeprecated-macro -fdebug-compilation-dir /Users/linsanity/Documents/Github/High-LevelPuzzle/cmake-build-debug/CMakeFiles/CMakeTmp -ferror-limit 19 -stack-protector 1 -fstack-check -mdarwin-stkchk-strong-link -fblocks -fencode-extended-block-signature -fregister-global-dtors-with-atexit -fgnuc-version=4.2.1 -fcxx-exceptions -fexceptions -fmax-type-align=16 -fcommon -clang-vendor-feature=+disableNonDependentMemberExprInCurrentInstantiation -fno-odr-hash-protocols -mllvm -disable-aligned-alloc-awareness=1 -o CMakeFiles/cmTC_82245.dir/CMakeCXXCompilerABI.cpp.o -x c++ /Applications/CLion.app/Contents/bin/cmake/mac/share/cmake-3.17/Modules/CMakeCXXCompilerABI.cpp]
  ignore line: [clang -cc1 version 12.0.5 (clang-1205.0.22.9) default target x86_64-apple-darwin20.4.0]
  ignore line: [ignoring nonexistent directory "/Library/Developer/CommandLineTools/SDKs/MacOSX11.3.sdk/usr/local/include"]
  ignore line: [ignoring nonexistent directory "/Library/Developer/CommandLineTools/SDKs/MacOSX11.3.sdk/Library/Frameworks"]
  ignore line: [#include "..." search starts here:]
  ignore line: [#include <...> search starts here:]
  ignore line: [ /Library/Developer/CommandLineTools/SDKs/MacOSX11.3.sdk/usr/include/c++/v1]
  ignore line: [ /Library/Developer/CommandLineTools/usr/lib/clang/12.0.5/include]
  ignore line: [ /Library/Developer/CommandLineTools/SDKs/MacOSX11.3.sdk/usr/include]
  ignore line: [ /Library/Developer/CommandLineTools/usr/include]
  ignore line: [ /Library/Developer/CommandLineTools/SDKs/MacOSX11.3.sdk/System/Library/Frameworks (framework directory)]
  ignore line: [End of search list.]
  ignore line: [Linking CXX executable cmTC_82245]
  ignore line: [/Applications/CLion.app/Contents/bin/cmake/mac/bin/cmake -E cmake_link_script CMakeFiles/cmTC_82245.dir/link.txt --verbose=1]
  ignore line: [/Library/Developer/CommandLineTools/usr/bin/c++    -isysroot /Library/Developer/CommandLineTools/SDKs/MacOSX11.3.sdk -Wl -search_paths_first -Wl -headerpad_max_install_names  -v -Wl -v CMakeFiles/cmTC_82245.dir/CMakeCXXCompilerABI.cpp.o  -o cmTC_82245 ]
  ignore line: [Apple clang version 12.0.5 (clang-1205.0.22.9)]
  ignore line: [Target: x86_64-apple-darwin20.4.0]
  ignore line: [Thread model: posix]
  ignore line: [InstalledDir: /Library/Developer/CommandLineTools/usr/bin]
  link line: [ "/Library/Developer/CommandLineTools/usr/bin/ld" -demangle -lto_library /Library/Developer/CommandLineTools/usr/lib/libLTO.dylib -dynamic -arch x86_64 -platform_version macos 11.0.0 11.3 -syslibroot /Library/Developer/CommandLineTools/SDKs/MacOSX11.3.sdk -o cmTC_82245 -search_paths_first -headerpad_max_install_names -v CMakeFiles/cmTC_82245.dir/CMakeCXXCompilerABI.cpp.o -lc++ -lSystem /Library/Developer/CommandLineTools/usr/lib/clang/12.0.5/lib/darwin/libclang_rt.osx.a]
    arg [/Library/Developer/CommandLineTools/usr/bin/ld] ==> ignore
    arg [-demangle] ==> ignore
    arg [-lto_library] ==> ignore, skip following value
    arg [/Library/Developer/CommandLineTools/usr/lib/libLTO.dylib] ==> skip value of -lto_library
    arg [-dynamic] ==> ignore
    arg [-arch] ==> ignore
    arg [x86_64] ==> ignore
    arg [-platform_version] ==> ignore
    arg [macos] ==> ignore
    arg [11.0.0] ==> ignore
    arg [11.3] ==> ignore
    arg [-syslibroot] ==> ignore
    arg [/Library/Developer/CommandLineTools/SDKs/MacOSX11.3.sdk] ==> ignore
    arg [-o] ==> ignore
    arg [cmTC_82245] ==> ignore
    arg [-search_paths_first] ==> ignore
    arg [-headerpad_max_install_names] ==> ignore
    arg [-v] ==> ignore
    arg [CMakeFiles/cmTC_82245.dir/CMakeCXXCompilerABI.cpp.o] ==> ignore
    arg [-lc++] ==> lib [c++]
    arg [-lSystem] ==> lib [System]
    arg [/Library/Developer/CommandLineTools/usr/lib/clang/12.0.5/lib/darwin/libclang_rt.osx.a] ==> lib [/Library/Developer/CommandLineTools/usr/lib/clang/12.0.5/lib/darwin/libclang_rt.osx.a]
  Library search paths: [;/Library/Developer/CommandLineTools/SDKs/MacOSX11.3.sdk/usr/lib]
  Framework search paths: [;/Library/Developer/CommandLineTools/SDKs/MacOSX11.3.sdk/System/Library/Frameworks/]
  remove lib [System]
  remove lib [/Library/Developer/CommandLineTools/usr/lib/clang/12.0.5/lib/darwin/libclang_rt.osx.a]
  collapse library dir [/Library/Developer/CommandLineTools/SDKs/MacOSX11.3.sdk/usr/lib] ==> [/Library/Developer/CommandLineTools/SDKs/MacOSX11.3.sdk/usr/lib]
  collapse framework dir [/Library/Developer/CommandLineTools/SDKs/MacOSX11.3.sdk/System/Library/Frameworks/] ==> [/Library/Developer/CommandLineTools/SDKs/MacOSX11.3.sdk/System/Library/Frameworks]
  implicit libs: [c++]
  implicit dirs: [/Library/Developer/CommandLineTools/SDKs/MacOSX11.3.sdk/usr/lib]
  implicit fwks: [/Library/Developer/CommandLineTools/SDKs/MacOSX11.3.sdk/System/Library/Frameworks]


Determining if the include file pthread.h exists passed with the following output:
Change Dir: /Users/linsanity/Documents/Github/High-LevelPuzzle/cmake-build-debug/CMakeFiles/CMakeTmp

Run Build Command(s):/usr/bin/make cmTC_4afc5/fast && /Library/Developer/CommandLineTools/usr/bin/make  -f CMakeFiles/cmTC_4afc5.dir/build.make CMakeFiles/cmTC_4afc5.dir/build
Building C object CMakeFiles/cmTC_4afc5.dir/CheckIncludeFile.c.o
/Library/Developer/CommandLineTools/usr/bin/cc   -isysroot /Library/Developer/CommandLineTools/SDKs/MacOSX11.3.sdk   -o CMakeFiles/cmTC_4afc5.dir/CheckIncludeFile.c.o   -c /Users/linsanity/Documents/Github/High-LevelPuzzle/cmake-build-debug/CMakeFiles/CMakeTmp/CheckIncludeFile.c
Linking C executable cmTC_4afc5
/Applications/CLion.app/Contents/bin/cmake/mac/bin/cmake -E cmake_link_script CMakeFiles/cmTC_4afc5.dir/link.txt --verbose=1
/Library/Developer/CommandLineTools/usr/bin/cc   -isysroot /Library/Developer/CommandLineTools/SDKs/MacOSX11.3.sdk -Wl,-search_paths_first -Wl,-headerpad_max_install_names   CMakeFiles/cmTC_4afc5.dir/CheckIncludeFile.c.o  -o cmTC_4afc5 



Performing C SOURCE FILE Test CMAKE_HAVE_LIBC_PTHREAD succeeded with the following output:
Change Dir: /Users/linsanity/Documents/Github/High-LevelPuzzle/cmake-build-debug/CMakeFiles/CMakeTmp

Run Build Command(s):/usr/bin/make cmTC_0ebc6/fast && /Library/Developer/CommandLineTools/usr/bin/make  -f CMakeFiles/cmTC_0ebc6.dir/build.make CMakeFiles/cmTC_0ebc6.dir/build
Building C object CMakeFiles/cmTC_0ebc6.dir/src.c.o
/Library/Developer/CommandLineTools/usr/bin/cc   -DCMAKE_HAVE_LIBC_PTHREAD -isysroot /Library/Developer/CommandLineTools/SDKs/MacOSX11.3.sdk   -o CMakeFiles/cmTC_0ebc6.dir/src.c.o   -c /Users/linsanity/Documents/Github/High-LevelPuzzle/cmake-build-debug/CMakeFiles/CMakeTmp/src.c
Linking C executable cmTC_0ebc6
/Applications/CLion.app/Contents/bin/cmake/mac/bin/cmake -E cmake_link_script CMakeFiles/cmTC_0ebc6.dir/link.txt --verbose=1
/Library/Developer/CommandLineTools/usr/bin/cc  -DCMAKE_HAVE_LIBC_PTHREAD -isysroot /Library/Developer/CommandLineTools/SDKs/MacOSX11.3.sdk -Wl,-search_paths_first -Wl,-headerpad_max_install_names   CMakeFiles/cmTC_0ebc6.dir/src.c.o  -o cmTC_0ebc6 


Source file was:
#include <pthread.h>

void* test_func(void* data)
{
  return data;
}

int main(void)
{
  pthread_t thread;
  pthread_create(&thread, NULL, test_func, NULL);
  pthread_detach(thread);
  pthread_cancel(thread);
  pthread_join(thread, NULL);
  pthread_atfork(NULL, NULL, NULL);
  pthread_exit(NULL);

  return 0;
}

